# JRE version: OpenJDK Runtime Environment (8.0_112-b224) (build 1.8.0_112-release-b736)
# Java VM: OpenJDK 64-Bit Server VM (25.112-b736 mixed mode linux-amd64 compressed oops)
Heap:
 PSYoungGen      total 368128K, used 367039K [0x00000000e0000000, 0x00000000fb380000, 0x0000000100000000)
  eden space 356864K, 99% used [0x00000000e0000000,0x00000000f5bbd0a8,0x00000000f5c80000)
  from space 11264K, 97% used [0x00000000f6900000,0x00000000f73b2c58,0x00000000f7400000)
  to   space 44544K, 28% used [0x00000000f8800000,0x00000000f946bc98,0x00000000fb380000)
 ParOldGen       total 185344K, used 28077K [0x00000000a0000000, 0x00000000ab500000, 0x00000000e0000000)
  object space 185344K, 15% used [0x00000000a0000000,0x00000000a1b6b490,0x00000000ab500000)
 Metaspace       used 80880K, capacity 86668K, committed 87060K, reserved 1124352K
  class space    used 10162K, capacity 11479K, committed 11580K, reserved 1048576K
GC Heap History (10 events):
Event: 10889.228 GC heap after
Heap after GC invocations=28 (full 5):
 PSYoungGen      total 415232K, used 1714K [0x00000000e0000000, 0x00000000fc380000, 0x0000000100000000)
  eden space 370176K, 0% used [0x00000000e0000000,0x00000000e0000000,0x00000000f6980000)
  from space 45056K, 3% used [0x00000000f6980000,0x00000000f6b2c9d8,0x00000000f9580000)
  to   space 46080K, 0% used [0x00000000f9680000,0x00000000f9680000,0x00000000fc380000)
 ParOldGen       total 185344K, used 34706K [0x00000000a0000000, 0x00000000ab500000, 0x00000000e0000000)
  object space 185344K, 18% used [0x00000000a0000000,0x00000000a21e4b78,0x00000000ab500000)
 Metaspace       used 80233K, capacity 85446K, committed 86164K, reserved 1124352K
  class space    used 10074K, capacity 11240K, committed 11452K, reserved 1048576K
}
Event: 10889.228 GC heap before
{Heap before GC invocations=29 (full 6):
 PSYoungGen      total 415232K, used 1714K [0x00000000e0000000, 0x00000000fc380000, 0x0000000100000000)
  eden space 370176K, 0% used [0x00000000e0000000,0x00000000e0000000,0x00000000f6980000)
  from space 45056K, 3% used [0x00000000f6980000,0x00000000f6b2c9d8,0x00000000f9580000)
  to   space 46080K, 0% used [0x00000000f9680000,0x00000000f9680000,0x00000000fc380000)
 ParOldGen       total 185344K, used 34706K [0x00000000a0000000, 0x00000000ab500000, 0x00000000e0000000)
  object space 185344K, 18% used [0x00000000a0000000,0x00000000a21e4b78,0x00000000ab500000)
 Metaspace       used 80233K, capacity 85446K, committed 86164K, reserved 1124352K
  class space    used 10074K, capacity 11240K, committed 11452K, reserved 1048576K
Event: 10889.623 GC heap after
Heap after GC invocations=29 (full 6):
 PSYoungGen      total 415232K, used 0K [0x00000000e0000000, 0x00000000fc380000, 0x0000000100000000)
  eden space 370176K, 0% used [0x00000000e0000000,0x00000000e0000000,0x00000000f6980000)
  from space 45056K, 0% used [0x00000000f6980000,0x00000000f6980000,0x00000000f9580000)
  to   space 46080K, 0% used [0x00000000f9680000,0x00000000f9680000,0x00000000fc380000)
 ParOldGen       total 185344K, used 28545K [0x00000000a0000000, 0x00000000ab500000, 0x00000000e0000000)
  object space 185344K, 15% used [0x00000000a0000000,0x00000000a1be0688,0x00000000ab500000)
 Metaspace       used 79918K, capacity 84880K, committed 86164K, reserved 1124352K
  class space    used 10019K, capacity 11141K, committed 11452K, reserved 1048576K
}
Event: 14489.624 GC heap before
{Heap before GC invocations=30 (full 6):
 PSYoungGen      total 415232K, used 58535K [0x00000000e0000000, 0x00000000fc380000, 0x0000000100000000)
  eden space 370176K, 15% used [0x00000000e0000000,0x00000000e3929f70,0x00000000f6980000)
  from space 45056K, 0% used [0x00000000f6980000,0x00000000f6980000,0x00000000f9580000)
  to   space 46080K, 0% used [0x00000000f9680000,0x00000000f9680000,0x00000000fc380000)
 ParOldGen       total 185344K, used 28545K [0x00000000a0000000, 0x00000000ab500000, 0x00000000e0000000)
  object space 185344K, 15% used [0x00000000a0000000,0x00000000a1be0688,0x00000000ab500000)
 Metaspace       used 79931K, capacity 84888K, committed 86164K, reserved 1124352K
  class space    used 10020K, capacity 11141K, committed 11452K, reserved 1048576K
Event: 14489.627 GC heap after
Heap after GC invocations=30 (full 6):
 PSYoungGen      total 415744K, used 320K [0x00000000e0000000, 0x00000000fc480000, 0x0000000100000000)
  eden space 369664K, 0% used [0x00000000e0000000,0x00000000e0000000,0x00000000f6900000)
  from space 46080K, 0% used [0x00000000f9680000,0x00000000f96d0000,0x00000000fc380000)
  to   space 46592K, 0% used [0x00000000f6900000,0x00000000f6900000,0x00000000f9680000)
 ParOldGen       total 185344K, used 28553K [0x00000000a0000000, 0x00000000ab500000, 0x00000000e0000000)
  object space 185344K, 15% used [0x00000000a0000000,0x00000000a1be2688,0x00000000ab500000)
 Metaspace       used 79931K, capacity 84888K, committed 86164K, reserved 1124352K
  class space    used 10020K, capacity 11141K, committed 11452K, reserved 1048576K
}
Event: 14489.627 GC heap before
{Heap before GC invocations=31 (full 7):
 PSYoungGen      total 415744K, used 320K [0x00000000e0000000, 0x00000000fc480000, 0x0000000100000000)
  eden space 369664K, 0% used [0x00000000e0000000,0x00000000e0000000,0x00000000f6900000)
  from space 46080K, 0% used [0x00000000f9680000,0x00000000f96d0000,0x00000000fc380000)
  to   space 46592K, 0% used [0x00000000f6900000,0x00000000f6900000,0x00000000f9680000)
 ParOldGen       total 185344K, used 28553K [0x00000000a0000000, 0x00000000ab500000, 0x00000000e0000000)
  object space 185344K, 15% used [0x00000000a0000000,0x00000000a1be2688,0x00000000ab500000)
 Metaspace       used 79931K, capacity 84888K, committed 86164K, reserved 1124352K
  class space    used 10020K, capacity 11141K, committed 11452K, reserved 1048576K
Event: 14489.779 GC heap after
Heap after GC invocations=31 (full 7):
 PSYoungGen      total 415744K, used 0K [0x00000000e0000000, 0x00000000fc480000, 0x0000000100000000)
  eden space 369664K, 0% used [0x00000000e0000000,0x00000000e0000000,0x00000000f6900000)
  from space 46080K, 0% used [0x00000000f9680000,0x00000000f9680000,0x00000000fc380000)
  to   space 46592K, 0% used [0x00000000f6900000,0x00000000f6900000,0x00000000f9680000)
 ParOldGen       total 185344K, used 28053K [0x00000000a0000000, 0x00000000ab500000, 0x00000000e0000000)
  object space 185344K, 15% used [0x00000000a0000000,0x00000000a1b65490,0x00000000ab500000)
 Metaspace       used 79327K, capacity 84058K, committed 86164K, reserved 1124352K
  class space    used 9908K, capacity 10988K, committed 11452K, reserved 1048576K
}
Event: 16032.778 GC heap before
{Heap before GC invocations=32 (full 7):
 PSYoungGen      total 415744K, used 369664K [0x00000000e0000000, 0x00000000fc480000, 0x0000000100000000)
  eden space 369664K, 100% used [0x00000000e0000000,0x00000000f6900000,0x00000000f6900000)
  from space 46080K, 0% used [0x00000000f9680000,0x00000000f9680000,0x00000000fc380000)
  to   space 46592K, 0% used [0x00000000f6900000,0x00000000f6900000,0x00000000f9680000)
 ParOldGen       total 185344K, used 28053K [0x00000000a0000000, 0x00000000ab500000, 0x00000000e0000000)
  object space 185344K, 15% used [0x00000000a0000000,0x00000000a1b65490,0x00000000ab500000)
 Metaspace       used 80541K, capacity 86000K, committed 86804K, reserved 1124352K
  class space    used 10108K, capacity 11359K, committed 11580K, reserved 1048576K
Event: 16032.796 GC heap after
Heap after GC invocations=32 (full 7):
 PSYoungGen      total 368128K, used 10955K [0x00000000e0000000, 0x00000000fb380000, 0x0000000100000000)
  eden space 356864K, 0% used [0x00000000e0000000,0x00000000e0000000,0x00000000f5c80000)
  from space 11264K, 97% used [0x00000000f6900000,0x00000000f73b2c58,0x00000000f7400000)
  to   space 44544K, 0% used [0x00000000f8800000,0x00000000f8800000,0x00000000fb380000)
 ParOldGen       total 185344K, used 28061K [0x00000000a0000000, 0x00000000ab500000, 0x00000000e0000000)
  object space 185344K, 15% used [0x00000000a0000000,0x00000000a1b67490,0x00000000ab500000)
 Metaspace       used 80541K, capacity 86000K, committed 86804K, reserved 1124352K
  class space    used 10108K, capacity 11359K, committed 11580K, reserved 1048576K
}
Event: 16340.260 GC heap before
{Heap before GC invocations=33 (full 7):
 PSYoungGen      total 368128K, used 367039K [0x00000000e0000000, 0x00000000fb380000, 0x0000000100000000)
  eden space 356864K, 99% used [0x00000000e0000000,0x00000000f5bbd0a8,0x00000000f5c80000)
  from space 11264K, 97% used [0x00000000f6900000,0x00000000f73b2c58,0x00000000f7400000)
  to   space 44544K, 0% used [0x00000000f8800000,0x00000000f8800000,0x00000000fb380000)
 ParOldGen       total 185344K, used 28061K [0x00000000a0000000, 0x00000000ab500000, 0x00000000e0000000)
  object space 185344K, 15% used [0x00000000a0000000,0x00000000a1b67490,0x00000000ab500000)
 Metaspace       used 80880K, capacity 86668K, committed 87060K, reserved 1124352K
  class space    used 10162K, capacity 11479K, committed 11580K, reserved 1048576K

